----------------------------------------
Timestamp: 11/15/2022 9:03:32 AM

Message: Scheduler: Task executed: 'Telerik.Sitefinity.ServiceHooks.Scheduling.ServiceHooksActivitiesCleanupTask'. Start time: 11/15/2022 9:03:32 AM. End time: 11/15/2022 9:03:32 AM. Task data: ''


----------------------------------------
----------------------------------------
Timestamp: 11/15/2022 9:03:32 AM

Message: Scheduler: Task executed: 'Telerik.Sitefinity.Authentication.Data.TransientDataCleanupTask'. Start time: 11/15/2022 9:03:32 AM. End time: 11/15/2022 9:03:32 AM. Task data: ''


----------------------------------------
----------------------------------------
Timestamp: 11/15/2022 9:03:32 AM

Message: Scheduler: Task executed: 'Telerik.Sitefinity.Services.Notifications.Scheduling.NotificationsCleanupTask'. Start time: 11/15/2022 9:03:32 AM. End time: 11/15/2022 9:03:32 AM. Task data: ''


----------------------------------------
----------------------------------------
Timestamp: 11/15/2022 9:03:32 AM

Message: Scheduler: Task executed: 'Telerik.Sitefinity.ExternalNotifications.ExternalNotificationsRetrieverTask'. Start time: 11/15/2022 9:03:32 AM. End time: 11/15/2022 9:03:32 AM. Task data: '{}'


----------------------------------------
----------------------------------------
Timestamp: 11/15/2022 9:03:32 AM

Message: Scheduler: Task executed: 'Telerik.Sitefinity.Translations.Synchronization.TranslationSyncTask'. Start time: 11/15/2022 9:03:32 AM. End time: 11/15/2022 9:03:32 AM. Task data: ''


----------------------------------------
----------------------------------------
Timestamp: 11/15/2022 9:03:32 AM

Message: Scheduler: Task executed: 'Telerik.Sitefinity.ABTesting.Scheduling.ABTestsSyncTask'. Start time: 11/15/2022 9:03:32 AM. End time: 11/15/2022 9:03:32 AM. Task data: ''


----------------------------------------
----------------------------------------
Timestamp: 11/15/2022 9:03:32 AM

Message: Scheduler: Task executed: 'Telerik.Sitefinity.Versioning.Cleaner.VersioningCleanerTask'. Start time: 11/15/2022 9:03:32 AM. End time: 11/15/2022 9:03:32 AM. Task data: ''


----------------------------------------
----------------------------------------
Timestamp: 11/15/2022 9:03:34 AM

Message: Scheduler: Task executed: 'Telerik.Sitefinity.Translations.Synchronization.TranslationImportTask'. Start time: 11/15/2022 9:03:34 AM. End time: 11/15/2022 9:03:34 AM. Task data: ''


----------------------------------------
----------------------------------------
Timestamp: 11/15/2022 9:03:34 AM

Message: Scheduler: Task executed: 'Telerik.Sitefinity.UsageTracking.Scheduling.UsageTrackingTask'. Start time: 11/15/2022 9:03:32 AM. End time: 11/15/2022 9:03:34 AM. Task data: ''


----------------------------------------
----------------------------------------
Timestamp: 11/15/2022 12:31:09 PM

Message: Scheduler: Task executed: 'Telerik.Sitefinity.ABTesting.Scheduling.ABTestsSyncTask'. Start time: 11/15/2022 12:31:09 PM. End time: 11/15/2022 12:31:09 PM. Task data: ''


----------------------------------------
