----------------------------------------
Timestamp: 11/14/2022 7:10:20 AM

Message: Scheduler: Task executed: 'Telerik.Sitefinity.ABTesting.Scheduling.ABTestsSyncTask'. Start time: 11/14/2022 7:10:20 AM. End time: 11/14/2022 7:10:20 AM. Task data: ''


----------------------------------------
----------------------------------------
Timestamp: 11/14/2022 7:10:20 AM

Message: Scheduler: Task executed: 'Telerik.Sitefinity.ExternalNotifications.ExternalNotificationsRetrieverTask'. Start time: 11/14/2022 7:10:20 AM. End time: 11/14/2022 7:10:20 AM. Task data: '{}'


----------------------------------------
----------------------------------------
Timestamp: 11/14/2022 7:10:20 AM

Message: Scheduler: Task executed: 'Telerik.Sitefinity.ServiceHooks.Scheduling.ServiceHooksActivitiesCleanupTask'. Start time: 11/14/2022 7:10:20 AM. End time: 11/14/2022 7:10:20 AM. Task data: ''


----------------------------------------
----------------------------------------
Timestamp: 11/14/2022 7:10:20 AM

Message: Scheduler: Task executed: 'Telerik.Sitefinity.Services.Notifications.Scheduling.NotificationsCleanupTask'. Start time: 11/14/2022 7:10:20 AM. End time: 11/14/2022 7:10:20 AM. Task data: ''


----------------------------------------
----------------------------------------
Timestamp: 11/14/2022 7:10:20 AM

Message: Scheduler: Task executed: 'Telerik.Sitefinity.Authentication.Data.TransientDataCleanupTask'. Start time: 11/14/2022 7:10:20 AM. End time: 11/14/2022 7:10:20 AM. Task data: ''


----------------------------------------
----------------------------------------
Timestamp: 11/14/2022 7:10:20 AM

Message: Scheduler: Task executed: 'Telerik.Sitefinity.Versioning.Cleaner.VersioningCleanerTask'. Start time: 11/14/2022 7:10:20 AM. End time: 11/14/2022 7:10:20 AM. Task data: ''


----------------------------------------
----------------------------------------
Timestamp: 11/14/2022 7:10:20 AM

Message: Scheduler: Task executed: 'Telerik.Sitefinity.Translations.Synchronization.TranslationSyncTask'. Start time: 11/14/2022 7:10:20 AM. End time: 11/14/2022 7:10:20 AM. Task data: ''


----------------------------------------
----------------------------------------
Timestamp: 11/14/2022 7:10:21 AM

Message: Scheduler: Task executed: 'Telerik.Sitefinity.Translations.Synchronization.TranslationImportTask'. Start time: 11/14/2022 7:10:21 AM. End time: 11/14/2022 7:10:21 AM. Task data: ''


----------------------------------------
----------------------------------------
Timestamp: 11/14/2022 7:10:24 AM

Message: Scheduler: Task executed: 'Telerik.Sitefinity.UsageTracking.Scheduling.UsageTrackingTask'. Start time: 11/14/2022 7:10:20 AM. End time: 11/14/2022 7:10:24 AM. Task data: ''


----------------------------------------
----------------------------------------
Timestamp: 11/14/2022 12:31:07 PM

Message: Scheduler: Task executed: 'Telerik.Sitefinity.ABTesting.Scheduling.ABTestsSyncTask'. Start time: 11/14/2022 12:31:07 PM. End time: 11/14/2022 12:31:07 PM. Task data: ''


----------------------------------------
